medi: плюсую
Assasin: да, я снимал в 60 fps
Endie: у меня до сих пор пригорает с некоторых вещей, которые говорили мои одногруппники будучи уже выпускниками
Assasin: например?)
Endie: 
скидываешь ему exeшник в архиве, со словами "Вот я сделал прогу, прогони на ней тесты и сделай по ним отчет."

А он отвечает "У меня студии нет" нет
Assasin: лол)
Assasin: сказал бы "я студию в архиве приложил, даже устанавливать не надо")
Endie: ))
Endie: прога вообще на qt была написано. Но это уже слишком сложна
Assasin: ты на работу не опаздываешь?
Endie: не
Assasin: а то чет вроде собирался, а все еще тут
Endie: ща выходить буду
Assasin: тогда все хорошо)
Endie: "А восемь это десятичное число?" (с)
Assasin: исходники бота шарнешь?
Assasin: я форкну
Endie: ща
Endie: *©
Assasin: лол)
Assasin: я про того, который для ноды)
Endie: я понял
Endie: жду пока сервак включится
medi: мб цитатник с бхопа тут запилить?
medi: тут порой интересные перлы пролетают
Endie: вообще там в коде есть личный токен
Endie: чтобы api отвечал
Assasin: а
Assasin: а это для какого сервиса?
Assasin: ну можешь просто вырезать его
Endie: погода
medi: *SPEC* Den4eG | CS.MONEY | BitSkins.co : она с температурой 39 скачет аты.. эх т...
*Ksunechka* : :D
*Ksunechka* (РАДИО): Подтверждаю.
*SPEC* .meditative l∞k : сложный выбор между постелью и бхопом
*SPEC* Den4eG | CS.MONEY | BitSkins.co : в постельке и скачет
*SPEC* Den4eG | CS.MONEY | BitSkins.co : ой
*SPEC* Den4eG | CS.MONEY | BitSkins.co : :D
*Ksunechka* : :D
*Ksunechka* : хахаахха
*SPEC* Den4eG | CS.MONEY | BitSkins.co : ахах
Endie: да команду
Endie: чтобы выгрузить каталог в репу
Endie: ?дай
Endie: да блядь
Endie: *дай
Assasin: а ты репу создал?)
Endie: да
Assasin: ну так по ней перейди
Assasin: там есть инструкция, как добавить существующую репу
Assasin: git add remote траляля
Assasin: и git push -u origin master
Assasin: тьфу, git remote add :D
Endie: всё сливаю
Endie: с токеном
Endie: и базой ответов
Endie: все в одном файле)
Endie: https://github.com/FpXL/wsChatBot
medi: слив от энди
medi: Привет, цыпа!
C3PO: Привет!
medi: C:
Endie: C3PO, тебя слили
C3PO: Почему именно меня?
medi: C3PO, давай сольем Энди?

C3PO: Ага, так я и ушёл:)
Endie: лять
Endie: теперь я опаздываю
Endie: всё
Endie: я пошёл
Assasin: модули обычно списком для установки коммитят :D
Assasin: удачи)
Assasin: че то пипец там у энди сурово, без бутылки не разберешься))
C3PO: Нет.
germi: C3PO, А кто?
C3PO: Очень приятно!
germi: C3PO, Чё бля, ты шо, неадекват?
C3PO: Всё я знаю:)
germi: C3PO, Ты дебил
C3PO: Иди в жопу.
germi: C3PO, От сам и иди)
C3PO: Зря ты так говоришь...
germi: C3PO, Угрозы?
C3PO: Пшшло нах!
germi: C3PO, Спасиба
C3PO: Пожалуйста)
germi: C3PO, Я пошла
C3PO: Надолго?
germi: C3PO, не
germi: C3PO, нет
Endie: C3PO, расскажи bash
C3PO: 01:55:06]  Люде...как думаете, какие ресурсы нужны нашей сети?
[01:55:20]  Каталог фильмов
[01:55:32]  E@rthQu@ke: золото и древесина
Assasin: надо построить зиккурат
lbvtynjh: НУЖНО БОЛЬШЕ ЗОИТА
C3PO: Привет, lbvtynjh!
lbvtynjh: q sin
lbvtynjh: :D
Endie: кузин
lbvtynjh: :D
Assasin: й
lbvtynjh: q
lbvtynjh: й
lbvtynjh: q й
lbvtynjh: КУЙ
lbvtynjh: Sin
lbvtynjh: пали
lbvtynjh: нашёл твой портрет
lbvtynjh: http://forum.minecraft-galaxy.ru/png/Stem-Pro508/PvP_Stem-Pro508_vs_Assasin.jpg
Assasin: ага, было дело
Assasin: он в меня из лука пытался стрелять
lbvtynjh: Блин, у него до сих пор премка
lbvtynjh: хотя заходил последний раз
lbvtynjh: в 2к15
lbvtynjh: А премка с 2011
lbvtynjh: 6 ЛЕТ ПРЕМКИ КАРЛ
lbvtynjh: 11К РУБЛЕЙ
Assasin: богач)
C3PO: Привет, medi!
C3PO:  *media
medi: я значица в сурс мапмейкеры записался
Assasin: красава
C3PO: Здравствуй, Создатель!
medi: о нет только не лбв
lbvtynjh: Што не так
lbvtynjh: кек
C3PO: Здравствуй, Создатель!
C3PO: С возвращением, lbvtynjh!
C3PO: Привет, Зайка^^
Minx: ^-^
lbvtynjh: Привет.
Minx: Иди нахуй.
lbvtynjh: потрачено.
lbvtynjh: Ору
Assasin: ло
Assasin: л
lbvtynjh: o.ru
lbvtynjh: Ору
lbvtynjh: О точка ру
Endie: https://tjournal.ru/41411-kto-to-na-reddit-proanaliziroval-vse-svoi-sluchai-masturbacii-za-chetire-goda
C3PO: Кто-то на Reddit проанализировал все свои случаи мастурбации за четыре года
Endie: https://www.youtube.com/watch?v=MqJr1NxIf1o
C3PO: t800 - YouTube
Assasin: мдааааа
Endie: C3PO круче t800)
C3PO: Да так...Навеяло
C3PO: Привет, medi!
medi: мне нужен 1337линуксоид
medi: бля где все ассасины и энди когда они так нужны?
Endie: ?
medi: короче
medi: посоветуй годный удаленный SSH терминал
medi: типо PuTTy
C3PO:  *типа
Endie: PuTTy
medi: аналоги есть?
Endie: на винду?
medi: да
Endie: хз
Endie: я использую PuTTy
medi: не понимаю почему, но когда много сообщений в одну миллисекунду
medi: появляются ДИКИЕ тайминги
medi: например мне уже 3 минуты перечисляет список переменных сервера
medi: потому что они отобразились в одну миллисекунду
medi: иногда вообще повисает
Endie: поставь mingw
Endie: куча линуксовых  прог станет доступна в командной строе
Endie: в том числе ssh
medi: я же не шарю в линупсе
C3PO:  *линуксе
Endie: поставь mingw
medi: ну, научился отображать список процессов и убивать какой-нибудь
medi: а еще исполнять скрипты
Endie: в консоли пишешь ssh user@server
Endie: и вводишь пароль
Endie: всё
medi: наконецта нормальные гайды
Endie: ой. в винде тогда будет, наверное, ssh.exe user@server
medi: пизда тут штуки огромные качаются
medi: у меня же трафик
medi: 12 кб
medi: зачем так много
medi: тип наебка
medi: установщик весит 80кб
medi: а он такой потом ХУЯК
medi: И КАЧАЕТ ЕЩЕ ОДИН УСТАНОВЩИК
medi: А ЭТОТ УСТАНОВЩИК КАЧАЕТ ПАКЕТЫ
Endie: ну так
Endie: mingw это GNU на винде
Endie: коллекция компиляторов и линуксовых прог
C3PO:  *про
medi: когда же он сука закончит качать пакеты
medi: в чем суть
medi: когда пароль пишу
medi: его вообще не показывает
medi: я в первый раз опешил
medi: но потом сообразил
medi: у этого чуда тоже тайминги..
Endie: а что ты делаешь?
medi: да разницы то нет
medi: я даже когда список процессов получаю
medi: прогружаются 5 процессов
medi: тайминг
medi: еще 5-10
Endie: какая команда?
medi: ps aux
medi: щас еще за команду отпиздят
Endie: сервер на хостинге?
Endie: или свой?
medi: хостинг
Endie: а
Endie: ну это не в софте проблема
Endie: а в соединении
medi: =/
medi: там сервер игорный стоит
medi: на сервере 15 пинга
Endie: а что за хостинг?
medi: идк
Endie: и какая система на удаленном сервере?
medi: муджино вроде
medi: убунта
medi: 12
medi: с чем-то
Endie: можно попробовать кое-что
Endie: вот
Endie: ушёл
Assasin: на десятой винде можно включить линукс подсистему
Assasin: фактически полноценный линукс будет доступен
Assasin: нативно
Assasin: но только на 64 битной
medi: зачем так много
medi: тип наебка
medi: установщик весит 80кб
medi: а он такой потом ХУЯК
medi: И КАЧАЕТ ЕЩЕ ОДИН УСТАНОВЩИК
medi: А ЭТОТ УСТАНОВЩИК КАЧАЕТ ПАКЕТЫ
Endie: ну так
Endie: mingw это GNU на винде
Endie: коллекция компиляторов и линуксовых прог
C3PO:  *про
medi: когда же он сука закончит качать пакеты
medi: в чем суть
medi: когда пароль пишу
medi: его вообще не показывает
medi: я в первый раз опешил
medi: но потом сообразил
medi: у этого чуда тоже тайминги..
Endie: а что ты делаешь?
medi: да разницы то нет
medi: я даже когда список процессов получаю
medi: прогружаются 5 процессов
medi: тайминг
medi: еще 5-10
Endie: какая команда?
medi: ps aux
medi: щас еще за команду отпиздят
Endie: сервер на хостинге?
Endie: или свой?
medi: хостинг
Endie: а
Endie: ну это не в софте проблема
Endie: а в соединении
medi: =/
medi: там сервер игорный стоит
medi: на сервере 15 пинга
Endie: а что за хостинг?
medi: идк
Endie: и какая система на удаленном сервере?
medi: муджино вроде
medi: убунта
medi: 12
medi: с чем-то
Endie: можно попробовать кое-что
Endie: вот
Endie: ушёл
Assasin: на десятой винде можно включить линукс подсистему
Assasin: фактически полноценный линукс будет доступен
Assasin: нативно
Assasin: но только на 64 битной
medi: сверхмеди!
Endie: C3PO, чё как?
C3PO: Просто так.
Endie: C3PO, погода Lipetsk
C3PO: Lipetsk — Температура: -4.17 °C, Влажность: 86%, Ветер: 6 м/с, облачно
Endie: странно
C3PO: medi: мне нужен 1337линуксоид
Endie: куча линуксовых  прог станет доступна в командной строе
C3PO:  *линуксе

C3PO: medi: убунта
medi: убунта

Endie: можно данные анализировать)
Endie: например, что в этом чате чаще используют транслит вместо оригинального написания)
C3PO: Привет, Reinforced!
Assasin: и правда reinforced
Reinforced: =)
Reinforced: Вы оба боты?)
Assasin: нет
Assasin: я не бот =(
Reinforced: Ты создатель) 
Assasin: разве что чата
Reinforced: А бот не твой?
Assasin: нет
Endie: /say Я сам по себе
C3PO: Я сам по себе
Assasin: /say я тоже так умею
C3PO: я тоже так умею
C3PO: С возвращением, Reinforced!
Assasin: вот
Endie: brb
invisibleman: и чем серьёзнее действие, тем сильнее сдвигается человек по спектру»
invisibleman: так что нет никакого «это не пидорство»
invisibleman: ибо это не булевый тип)
Endie: а если снится, что с мужиком целуешься это что значит?
invisibleman: блядь, вот чего мне только не силось
Endie: тоже сдвиг по спектру?
invisibleman: это к тов. фрейду на твоей аве
invisibleman: я про сознательное поведение говорю 
Endie: а
Endie: тогда так
Endie: если парень себе делает blow job?
invisibleman: ты про IRL?
invisibleman: или про сон
Endie: не уверен, что это физически возможно, но тем не менее
Endie: IRL
invisibleman: возможно, но не при любом размере члена отсос может быть полноценным 
invisibleman: ну естественно дальше чем идеальный гетеро
Endie: https://pp.userapi.com/c837332/v837332798/2ab26/AImiPFTR7V4.jpg
invisibleman: жопа будто бы прям из цеха штамповки пришла
Endie: ну руками-то себе помогать вроде не считается за отклонение
invisibleman: лол, а что считать отклонением
invisibleman: от какой нормы
Endie: https://pp.userapi.com/c837332/v837332798/2a538/FzdJuHL2J-I.jpg
invisibleman: если по факту, то дрочка радикально от аутофелляции отличается
Endie: т.е.подрочить другу это меньшее отклонение, чем отсосать себе?
Endie: :D
invisibleman: сравнивание зависит от того, кто сравнивает 
Endie: сейчас в teamviewr одновременно сижу. Я не знал, что буфер обмена общий
Assasin: спасибо Эйнштейну за оносительность
Endie: я ссылки копировал..
Endie: анонительность
Assasin: :D
Endie: https://pp.userapi.com/c837332/v837332798/28e67/40jTFKIZxrg.jpg
invisibleman: 2
Endie: я тут смотрю образец простолюдина в школе благородных девиц)
invisibleman: щито?
Endie: ага
Endie: https://pp.userapi.com/c837332/v837332798/25f67/wrF6mzc5vno.jpg
Endie: https://pp.userapi.com/c638128/v638128798/24fc7/nRQlFEes7GQ.jpg
Endie: https://pp.userapi.com/c626116/v626116798/4ab1f/4be-RfNZZTs.jpg
Endie: завидую
Endie: у меня вот нет стиральной машинки
Endie: https://pp.userapi.com/c638920/v638920798/27aec/6veMJIe3LXM.jpg
Endie: Только что в анемешке услышал упоминание Фейнмана)
Assasin: ну как, ошибка БД никого не беспокоила?
Endie: меня и до этого не беспокоила
TzarVasilich: привет 
lbvtynjh: q
lbvtynjh: Син, не, всё теперь работает :)
Endie: /say Всем привет!
C3PO: Всем привет!
C3PO: Привет, medi!
medi: айоу
medi: Material models/look/acacia/acaciathorns does not support vertex format used by the mesh (maybe missing fields or mismatched vertex compression?), mesh will not be rendered. Grab a programmer!

medi: Поясните по хардкору
medi: В конце написано граб а программер, вот я и пришел сюда
Endie: :D ЛОООЛ
medi: але программеры
medi: я пол года ебался лишь бы нормальные части модели отобразились
medi: а тут всем привет вся консоль в этой хуйне
medi: кажется я пофиксил
medi: да, я пофиксил
medi: все оказалось настолько охуенно: у текстуры был класс lightmappedgeneric вместо vertexlitgeneric для моделей лол
C3PO: С возвращением, lbvtynjh!
lbvtynjh: :D
lbvtynjh: Ахахха
medi: тебя еще камаз не сбил?
lbvtynjh: Не
lbvtynjh: Ты хто ваще
C3PO:  *кто
lbvtynjh: пшёл
lbvtynjh: ХТО
lbvtynjh: НЕ КТО
lbvtynjh: А ХТО
lbvtynjh: ПЬОС
lbvtynjh: Ну
lbvtynjh: Не зря пришёл
Endie: /say Пшёл в жопу!
C3PO: Пшёл в жопу!
lbvtynjh: Сказано Грабь программиста
lbvtynjh: /say 1
C3PO: 1
medi: тебя даже цыпа послал, осознай свою никчемность
lbvtynjh: /say Саси писос
C3PO: Саси писос
lbvtynjh: /say Тупой Меди
C3PO: Тупой Меди
medi: Суть то в том, что я не писал ему в лс
lbvtynjh: Пшёл в жопу!
lbvtynjh: Энди
lbvtynjh: Дай гитхаб свой
lbvtynjh: ссылку
lbvtynjh: Хочу покопаться чутка там
medi: https://i.gyazo.com/ed1a40aa4602188c9813c4fdad456222.png
lbvtynjh: лол
lbvtynjh: Мб ктот другой
lbvtynjh: А
lbvtynjh: стой
lbvtynjh: мб он на флуд
Endie: /say А жаренных гвоздей не хочешь?
C3PO: А жаренных гвоздей не хочешь?
lbvtynjh: хзхз
lbvtynjh: Во
lbvtynjh: дадада
lbvtynjh: ада
lbvtynjh: ав
lbvtynjh: ва
lbvtynjh: ва
medi: ахахахахах
lbvtynjh: Хз на что он реагирует
lbvtynjh: сук
lbvtynjh: D:
Endie: github.com/fpxl/wschatbot
Assasin: http://github.com/fpxl/wschatbot
C3PO: GitHub - FpXL/wsChatBot: node.js chat bot developed for sinair.ru/chat
C3PO: С возвращением, Minx!
medi: С возвращением, Minx!
lbvtynjh: Энди
lbvtynjh: эт php?
lbvtynjh: :D
lbvtynjh: Или тко это?
lbvtynjh: Я не шар
lbvtynjh: не шарю
medi: всем привет сегодня мы будем определять язык на котором бот написан
Endie: 0_0
lbvtynjh: Но и не шар
lbvtynjh: :D
medi: ставлю на джс
lbvtynjh: xD
Endie: bot.js
lbvtynjh: А лол
lbvtynjh: js
Endie: Это пхп?
lbvtynjh: Я тупой
lbvtynjh: да
Endie: Заголовки читатает пхп
C3PO: Привет, invisibleman!
C3PO:  *invisible man
Minx: Как-то тут непривычно много людей
medi: даже инвиз ушел от твоей тупости, лаваш
medi: У меня дизморал на сотку вкачан :^)
Endie: http://sinair.ru
C3PO: Home - SinAir
Endie: http://порно.рф
Endie: нет такого?
medi: /say Я культурный бот :)
C3PO: Я культурный бот :)
lbvtynjh: АХАХАХ
Endie: http://culture.ru
C3PO: Культура.РФ. Портал культурного наследия, традиций народов России
medi: :^)
Endie: http://porn.ru
C3PO: porn.ru&nbsp;-&nbspДанный веб-сайт выставлен на продажу!&nbsp;-&nbsp Ресурсы и информация.
Endie: О
Endie: чё-т есть
medi: ты серьезно не знаешь ни одного порносайта?
Endie: а у порнхаба какой домен?
medi: ком :^)
Endie: я их домены не помню
Endie: вроде хуяндекс есть
Endie: и бразерс
Endie: или это не сайт
Endie: http://pornhub.com
Endie: Чё-т нифига
medi: Он же культурный :^)
medi: Домен же в РФ заблочен, наверное поэтому и не показывает
Endie: http://xyandex.ru
C3PO: Дешевые авиабилеты онлайн. Поиск билетов на самолет и сравнение цен — Aviasales.ru
medi: Ахахахаха
Endie: чё??
medi: Там редирект на авиасэйлс идет
Endie: sick
medi: youporn.com
medi: http://youporn.com
C3PO: Бесплатное порно видео на YouPorn.com | Проверка возраста
medi: :^)
Endie: бот проверку не прошёл)
Endie: он маленький ещё
Endie: меньше года
Endie: http://brazzers.com
C3PO: Brazzers - Best HD Porn Site With Top Pornstars & Sexy Milf Videos
medi: А со скольки лет ботам можно порнуху смотреть?
Endie: 8 лет
medi: Цыпа, рандом: 1, 18
medi: Синтаксис позабыл уже
Endie: если на донышке, то меньше
medi: Как там его рандомить заставить?
Endie: C3PO, рандом 1, 18
C3PO: 11
Endie: C3PO, рандом 1, 189
C3PO: 8
Endie: C3PO, рандом 1, 19
C3PO: 18
Endie: C3PO, погода в городе Lipetsk
C3PO: Lipetsk — Температура: 1.39 °C, Влажность: 91%, Ветер: 4.88 м/с, слегка облачно
Endie: https://pp.userapi.com/c639428/v639428000/ee76/Dm33N-HCN1M.jpg
Minx: C3PO, температура Санкт-Петербург
C3PO: Давай, давай, плати.
Minx: чеееее :С
medi: Ахахахахахах
Endie: услуга теперь платная
Endie: ты на погоду не подписана
Minx: :С
Endie: Minx, а тебе лет сколько? Я забыл
medi: Услуга просто с 16
Minx: Обидно, вспоминай
Endie: C3PO, рандом 16, 17
C3PO: 16
lbvtynjh: C3PO, погода Kolpino
C3PO: Kolpino — Температура: -4 °C, Влажность: 73%, Ветер: 8 м/с, облачно
lbvtynjh: О
Endie: ой, синтаксис жи не тот
lbvtynjh: Неплоха
Endie: C3PO, рандом 16, 178
C3PO: 88
Endie: C3PO, рандом 16, 19
C3PO: 17
Endie: во
Endie: Minx 17
Minx: Не
Minx: 16
Endie: а
Endie: сразу правильно было
Minx: Твой Цыпа не умеет возраст угадывать, выбрасывай его
Endie: 8 марта будешь праздновать?
medi: Ты пофиксил ему рандом?
Endie: нет вроде
medi: C3PO, рандом 1 1000000000000000000000000000000000
medi: F
medi: а
medi: запятую
medi: проеб
C3PO:  *проб
medi: C3PO, рандом 1, 1000000000000000000000000000000000
C3PO: 6
Endie: C3PO, рандом 1, 2
C3PO: 1
medi: он до 10 считает тогда
Endie: C3PO, рандом 1, 2
C3PO: 1
Endie: C3PO, рандом 1, 2
C3PO: 1
Endie: C3PO, рандом 1, 2
C3PO: 1
Endie: C3PO, рандом 1, 2
C3PO: 1
Endie: C3PO, рандом 1, 2
C3PO: 1
Endie: C3PO, рандом 1, 2
C3PO: 1
Endie: C3PO, рандом 1, 2
C3PO: 1
medi: C3PO, рандом 1, 1000000000000000000000000000000000
C3PO: 2
medi: C3PO, рандом 1, 1000000000000000000000000000000000
C3PO: 8
medi: C3PO, рандом 1, 1000000000000000000000000000000000
C3PO: 5
medi: C3PO, рандом 1, 1000000000000000000000000000000000
C3PO: 2
medi: C3PO, рандом 1, 1000000000000000000000000000000000
C3PO: 5
medi: C3PO, рандом 1, 1000000000000000000000000000000000
C3PO: 6
medi: C3PO, рандом 1, 1000000000000000000000000000000000
C3PO: 7
medi: C3PO, рандом 1, 1000000000000000000000000000000000
C3PO: 2
Endie: Не. Правое нужно +1 делать
Minx: [21:38:58] Endie: 8 марта будешь праздновать?
Получу букет тюльпанов и шоколадку, думаю
Minx: Всё как обычно
Endie: чё даже в фонтанах купаться не будешь?
Minx: Выхожу на улицу, доезжаю на метро до Московской, прыгаю там в огромны фонтан с криком ЗА 8 МАРТА
Minx: Разбиваю коробку конфет об голову
Assasin: одеваешь смирительную рубашку, и едешь в психушку
Assasin: отличный день
Endie: ...жрёшь тюльпаны
Minx: Во что я ее одеваю? В свитер?)0)
medi: ААААА
medi: ПОДЪЕБАЛА
Assasin: оооо...
medi: АССАСИНА
medi: ОПА
Assasin: все совсем плохо
Assasin: уже пора
medi: ВСЕ ПАРЕНЬ
Endie: Ксюш, а ты на котов гавкала?
Minx: На собак гавкала
Minx: На котов нет
Assasin: одеваешь смирительную рубашку на свое стройное тело с выпирающими частями, угу.
Endie: а на кого мяукала?
Endie: смирительная рубашка с выпирающими частями? O_o
medi: Интересно
Endie: типа с шипами?
Minx: Объявляю этот день Днём Подъебов Ассасина!!!
medi: Красава
medi: А
medi: Открой лс
medi: В вк
medi: или напиши чего
Endie: 6 марта -- всемирный день подъёба Ассасина
Minx: Мемы про ящерок хочешь покидать опять?
medi: Все, праздник зарегистрирован
medi: Да
medi: Оин же милашки
Assasin: энди
Endie: а
Assasin: ты чет не так читаешь, по диагонали как то
Assasin: "стройное тело с выпирающими частями"
medi: inb4: хуй на
Assasin: при чем тут рубашка?
Endie: medi: Сколько будет 100+100*2?
C3PO:  *media
medi: Нет, день подъебов меди нельзя совмещать с днем подъебов Ассасина
medi: Попробуйте позже.
Endie: Син
C3PO:  *Сын
Endie: Sin
Endie: Siiin!
Minx: Он подъеб придумывает, подожди
Endie: ||!||||||
Endie: |||!|||||
Endie: ||||!|||
Endie: |||||!||||
Endie: |||||!|||
Endie: |||||||!||
medi: А у вас восклицательный знак убежал :^)
Endie: ||||||||||!
Endie: пытался прогрессбар запилить
Endie: чё-т скучно
Endie: чем заняться?
Assasin: ты целую кучу ссылок на сайты накидал разной направленности
Assasin: вот переходи по ним и занимайся
Endie: не охота
Assasin: а, так ты уже занялся
Endie: смотрю лекции по функциональному программированию
Endie: но как-то не интересно
Assasin: сегодня в час ночи буду сервак обновлять
Assasin: оперативы еще вставлю
Асуна: хам бот
Асуна: покинула игру
wham_hypersad: Я ведь и обидеться могу!
Baka nano: [15:01:46] wham_hypersad: ассасин, сделай скрипт который будет автоматически писать сообщения со скобками увеличивая их кол-во на 1 после каждого сообщения минкс
Baka nano: Вроде сделал
Baka nano: Осталось проверить
wham_hypersad: минкс, пиши скобки!
питерский дурачок: А где волшебное слово?
Baka nano: не
wham_hypersad: Пожалуйста, солнышко c:
питерский дурачок: )
wham_hypersad: Script, отвечай!
питерский дурачок: завезите бота, мне хоть будет с кем поговорить 
Baka nano: .
wham_hypersad: )
питерский дурачок: )
wham_hypersad: ))
питерский дурачок: ))
wham_hypersad: )))
питерский дурачок: )))
wham_hypersad: ))))
питерский дурачок: ))))
wham_hypersad: )))))
питерский дурачок: )))))
wham_hypersad: ))))))
питерский дурачок: ))))))
wham_hypersad: )))))))
питерский дурачок: )))))))
Baka nano: .
wham_hypersad: )
питерский дурачок: )
Baka nano: .
Script: )
wham_hypersad: )
питерский дурачок: )
wham_hypersad: .
wham_hypersad: :/
wham_hypersad: поставь два бота которые будут писать друг другу скобки
wham_hypersad: с таймингом рандомным до 20 сек
Baka nano: .
Script: )
wham_hypersad: ))
Baka nano: На меня работает. На minx нет
Script: )
wham_hypersad: ник у нее тяжелый просто
wham_hypersad: еще проще, желательно Minx
Baka nano: так?
Minx: )
Baka nano: ещё
Minx: )
Minx: )
wham_hypersad: Цыпа, привет!
C3PO: Привет!
Minx: Цыпа, я тебя люблю!
Baka nano: Минкс просто заколдованная
Script: )
Baka nano: Поэтому с ней код не работает
Script: ))
Baka nano: Вот у меня работает
Script: )))
Baka nano: А она заколдована
Script: ))))
wham_hypersad: /say :)
C3PO: :)
Minx: Даже код не хочет со мной никак взаимодействовать, вау
Baka nano: C3PO, чё почём?
C3PO: Давай, приходи!
Baka nano: Всё народ, я пошёл
Baka nano: Чёт минкс пошла
Baka nano: я думал, меня звали
C3PO: Привет, lbvtynjh!
lbvtynjh: УРАААА
lbvtynjh: ЦЫПА
lbvtynjh: Цыпа, привет!
C3PO: Привет!
lbvtynjh: Я СКУЧАЛ
wham_hypersad: убейся нахуй
lbvtynjh: хоть кто то меня не шлёт нахуй
wham_hypersad: цыпа мой
lbvtynjh: умри сука
wham_hypersad: /say ЛБВ ИДИ НАХУЙ
C3PO: ЛБВ ИДИ НАХУЙ
lbvtynjh: ВХАМ ПИДОР
lbvtynjh: /say ВХАМ ПИДОР ПАСАСИ ЧИРВЯЧОК
C3PO: ВХАМ ПИДОР ПАСАСИ ЧИРВЯЧОК
lbvtynjh: C3PO, помощь
C3PO: Я всегда пою, когда пьян-пьянёхонек!
lbvtynjh: ой блть
C3PO: Здравствуй, Создатель!
lbvtynjh: C3PO, сообщения
C3PO: У тебя 0 сообщений. Прочитанных: 0. И новых: 0.
C3PO: Мне нравится общаться в чате!
lbvtynjh: Привет Энди
lbvtynjh: Запрети вхаму писать в ЛС боту
lbvtynjh: а то он его обучил словам плохим
C3PO: Привет, YungGhost!
YungGhost: Добрый вечер C3PO
YungGhost: qq all
Асуна: C3PO бот
C3PO: С чего это ты думаешь что я не человек?!
Асуна: азаза
C3PO:  *заза
Асуна: азазаза
YungGhost: Ососсен, а что ты не сделаешь автоматический редирект на https ?:(
Асуна: "Если по окончанию тестов ничего сверхъестественного не случится, то https так и останется доступен на постоянной основе."
Асуна: инфа с главной страницы
YungGhost: 2016-10-10 - 5 месяцев же уже прошло
Асуна: ну вот как полгода будет, так займусь)
Асуна: хотя в принципе уже можно
Асуна: надо только nginx поставить фронтендом
Асуна: я ждал автопродления сертификата
YungGhost: Поставь lets да и не парься. В крон пихни обновление сертификата 
Асуна: это и есть lets encrypt
Асуна: а обновление сертификатов на всех сервисах я сделал с помощью своего скрипта
Асуна: и я как раз ждал, когда будет штатный режим обновления, чтобы проверить,что все прозрачно и без моего вмешательства
Асуна: а это 3 месяца было
Асуна: но мне там приходилось вручную добавлять некоторые новые домены, и срок сдвигался, так и не доходя до срока обновления
Асуна: а вот nginx по любому пора ставить
Асуна: как то нехорошо, что у меня apache работает как прокис
Асуна: прокси*
Асуна: но прямо щс времени нема
YungGhost: Асасен, а что это такое - https://snowden.sinair.ru ? 
C3PO: Home - Snowden
YungGhost: Тип треккера телефона ? 
Асуна: ага
Асуна: проект по командной разработке наш в универе
Асуна: виртуалка, обслуживающая бэкенд из бд и чего-то там еще, сейчас не работает, и сайт я скоро уберу
YungGhost: На кого учишься если не секрет ? 
Асуна: на программиста)
YungGhost: На вышке ? 
Асуна: ну да, а прогеров разве средне-проф учат?
YungGhost: Да) Ну по крайней мере у нас в городе 
Асуна: ну хз, так то я прогать умел еще до поступления в универ
wham_hypersad: че по шрифту
wham_hypersad: на сноудене
Асуна: в универ пошел за дипломом и доп. знаниями, если они есть)
Асуна: стандартный шрифт бутстрапа
YungGhost: аааа, опять хакиры ломают сервер. Еще и из моей подсети 
Асуна: ко мне постоянно ломятся всякие китайцы и прочие боты)
C3PO: С возвращением, lbvtynjh!
YungGhost: ++++. ssh сбрутить пытаются 
Асуна: Mar 24 19:19:40 cloud sshd[19604]: Failed password for invalid user root from 116.31.116.48 port 39111 ssh
lbvtynjh: Син
lbvtynjh: Я в средне-проф на программиста учусь
lbvtynjh: лол
lbvtynjh: Кстати
lbvtynjh: меня по приколу в веб дизайн записали
lbvtynjh: там я буду балластом xD
lbvtynjh: http://cttit.ru/junior-skills/kompetenczii/web-dizajn.html
C3PO: ЦТТ и ИТ - Junior skills / Web-дизайн
Асуна: омг
lbvtynjh: Там компы классные
lbvtynjh: i7 16 гб
lbvtynjh: и i5 на 8
lbvtynjh: i7 - сервер
lbvtynjh: http://cttit.ru/JuniorSkills/web-дизайн/Инфраструктурный%20лист.pdf
lbvtynjh: http://cttit.ru/JuniorSkills/web-дизайн/Инфраструктурный%20лист.pdf
lbvtynjh: не то
lbvtynjh: http://cttit.ru/JuniorSkills/web-дизайн/Конкурсное%20задание_по%20компетенции%20Веб-дизайн14+.pdf
lbvtynjh: вот зания
lbvtynjh: кстате цыпа уер
lbvtynjh: умер
lbvtynjh: Цыпа, привет
C3PO: Привет!
lbvtynjh: А, не.
lbvtynjh: Энди
lbvtynjh: почему цыпа не показывает название pdf документа с сайт?
Baka nano: потому что он парсит html title
lbvtynjh: бл почините энди он опять по-хакерски говорит
Асуна: потому что pdf - это не html
lbvtynjh: (
lbvtynjh: а я понял
lbvtynjh: всёёё
lbvtynjh: замени слово парсит на русское
C3PO:  *паразит
lbvtynjh: так тоже норм
Baka nano: ))
lbvtynjh: т.е. он из кода страницы вынимает title?
Baka nano: да
lbvtynjh: ok
Baka nano: 
function getTitle($url){
    @$str = file_get_contents($url); // suppressing the warning
    if(strlen($str)>0){
        preg_match("/\<title\>(.*)\<\/title\>/",$str,$title);
        return $title[1];
    } else {
        return false;
    }
}

C3PO: С тобой так интересно!
lbvtynjh: #dev
lbvtynjh: С этим туда
lbvtynjh: это на каком?
Асуна: js
Baka nano: php
Асуна: а
Асуна: тьфу xD
lbvtynjh: Ща
lbvtynjh: у меня есть пхпшник
Асуна: я забыл, что он на php делал запрашиватель
lbvtynjh: ой Асуна, как тебе не стыдно
Асуна: да я даже не читал код, что он скинул :D
lbvtynjh: Дмитрий 19:35
знаешь что это?
Расшифруй)0
Павел 19:35
из файла берёт url через регулярку title выводит
lbvtynjh: Во
lbvtynjh: пхпшник мне сказал что-то
Baka nano: двойку ему поставь)
lbvtynjh: ???
Baka nano: где он увидел, что url берётся из файла?
Асуна: "из файла берет урл"
Асуна: xD
lbvtynjh: norm
lbvtynjh: :D\
Асуна: урл, если он поднимет взгляд на строчку выше, передается функции аргументом) Никак не из файла)
Baka nano: блин
lbvtynjh: ?
Baka nano: как обычно, уведомления в чате были слишком громкие
lbvtynjh: сорян
Baka nano: и как обычно сделал потише
Baka nano: но в этот раз не сработало
lbvtynjh: (
Baka nano: и несколько раз убавлял
Baka nano: а потом посмотрел внимательно на кож
Baka nano: *код
Baka nano: ('audio')[0].volume = 0.3
Baka nano: lbv, найдёшь ошибку?
lbvtynjh: мммммммм
lbvtynjh: ща подумаем
Baka nano: я тебе дам подсказку
lbvtynjh: точно точкой отделение единиц от долей?
Baka nano: это jquery
lbvtynjh: хммммм
lbvtynjh: щащаща
lbvtynjh: не говори
Baka nano: да. не видел ни одного ЯП, чтобы разделителем была не точка
lbvtynjh: ХММММММММ
lbvtynjh: А это ты куда вбиваешь?
lbvtynjh: $ перед строкой мб
lbvtynjh: ?
Baka nano: да
lbvtynjh: Ееее
lbvtynjh: и ; в конце
Baka nano: ну ; в таких ситуациях не критично
Асуна: [19:46:05] Baka nano: да. не видел ни одного ЯП, чтобы разделителем была не точка

php
Асуна: ааа
Асуна: я невнимательно читаю
lbvtynjh: :D
Асуна: кстати, я сначала подумал, что ты просто недокопировал $ :D
Baka nano: :D
lbvtynjh: лулз
lbvtynjh: Со Злофмом иногда переписываюсь)
lbvtynjh: нашёл его ВК
lbvtynjh: надо кому? =D
Baka nano: я должен знать, кто это?
lbvtynjh: u - no
lbvtynjh: sin - yes
Асуна: не нужно
YungGhost: Я думал злофм умер 
lbvtynjh: Ну да
lbvtynjh: от него жена ушла
lbvtynjh: xD
lbvtynjh: "Я умираю кароче
У меня психоневроз поверх апатичной депрессии, на почве ухода от меня жены.
Короче я ебанулся в край"
lbvtynjh: Очень коротко
YungGhost: Он же дизайнер вроде ? 
lbvtynjh: хз
lbvtynjh: аватарка очень дизайнерская
lbvtynjh: https://pp.userapi.com/c631728/v631728398/2b544/rze5mjI_iyQ.jpg
Baka nano: https://pp.userapi.com/c7002/v7002061/2e85e/kdTIOEQ88uI.jpg
YungGhost: Значит я его спутал с кем-то 
Baka nano: сколько бы за такой дали
YungGhost: 1к
lbvtynjh: тебе придётся доплатить самому
lbvtynjh: чтобы его забрали
Baka nano: угадайте за сколько его пытаются продать "без торга"
YungGhost: Забрал бы с руками)) 
lbvtynjh: 5к?
Baka nano: Продам ноутбук для работы и интернета !жесткий диск на 500гб оперативная память 1гб. без торга. 4000р
YungGhost: А ну если ноут, то ненужный вообще
Baka nano: Celeron M должно было подсказать)
YungGhost: Не заметил 
Baka nano: https://pp.userapi.com/c7002/v7002903/2ec7b/UXyCcfnKoFU.jpg
Baka nano: таких уже мало)
Baka nano: маленьки тачпад
Baka nano: вдавленный дисплей
lbvtynjh: Ну хоть не протёртый до дыр
lbvtynjh: тачпад
Baka nano: естесственно
Baka nano: им же пользоваться не удобно
Baka nano: наверняка, всё время мышкой пользовался
Baka nano: https://pp.userapi.com/c637218/v637218368/4a133/3ON0hhwJgu0.jpg
Асуна: баяны)
lbvtynjh: и шо
Baka nano: https://pp.userapi.com/c637217/v637217368/3bd62/1Jt6E0WhDLc.jpg
YungGhost: Смотрю старые тарифы на нашем хостенге, и плачу https://pp.userapi.com/c631716/v631716412/1a915/cAg3GF4k-Mk.jpg
Асуна: а сейчас сколько?
YungGhost: Закрыли, года 2-3 назад 
Baka nano: https://pp.userapi.com/c637217/v637217368/3b580/Dy0PdaFT-x8.jpg
YungGhost: http://www.memvds.ru/hard/ Годнота что-ли 
Baka nano: я думал там мемы
Baka nano: C3PO, ты тут?
C3PO: Давай лучше о тебе поговорим
Baka nano: C3PO, а что ссылки не парсишь?
C3PO: Конкретнее говори.
lbvtynjh: :D
lbvtynjh: Энди
lbvtynjh: На двоичке ему гвоори
lbvtynjh: он так не понимает
lbvtynjh: конкретно
lbvtynjh: и на двоичке
C3PO:  *двоечке
lbvtynjh: Бот
lbvtynjh: я ща двоечку тебе пропишу
lbvtynjh: поговори мне тут курва
C3PO: Привет, germi!
Baka nano: https://pp.userapi.com/c637217/v637217368/3b47a/NaehTz3tydQ.jpg
Baka nano: син, может сделаешь подгрузку изображений?
lbvtynjh: ++
Baka nano: на стороне клиента
Baka nano: тогда тебе говно всякое хранить не придётся
Асуна: 1 гбит/с Безлимит
Неплохо
YungGhost: + Россия 
Асуна: ну попробовать то можно, но это не 5 минут, и сейчас не могу
Асуна: это про подгруку
YungGhost: https://blazingfast.io/vps Вот еще годнота
C3PO: BlazingFast | KVM SSD VPS 
C3PO: Привет, Proky147!
Асуна: кто то совсем новый
Script: испугался бота и убежал?
Script: ой
Baka nano: не оттуда написал
lbvtynjh: спалился
lbvtynjh: а зачем тебе Script?
Script: он скобки присылает после сообщений minx
Baka nano: да блин
Baka nano: я в том окне ещё консолью пользуюсь
Baka nano: поэтому забываю переключиться сюда)
lbvtynjh: После всех?
lbvtynjh: лол
Minx: s
Script: )
Minx: s
Script: ))
Minx: fas
Script: )))
Minx: f
Script: ))))
Minx: af
Script: )))))
Minx: s
Script: ))))))
Minx: s
Script: )))))))
Minx: лол
Script: ))))))))
Minx: орнул
Script: )))))))))
lbvtynjh: И так по нарастающей?
Baka nano: да
lbvtynjh: Загони его в #dev
lbvtynjh: пожалуйста
Minx: ЖОПА
Minx: (
Minx: верни сюда
Minx: он скобки туда шлёт
Script: )))))))))))))))))))))))))))))))))))))
Minx: верни его сюда
Script: ))))))))))))))))))))))))))))))))))))))
Minx: еее
Script: )))))))))))))))))))))))))))))))))))))))
Minx: еееее
Script: ))))))))))))))))))))))))))))))))))))))))
Minx: Не убирай до возвращения минска
Script: )))))))))))))))))))))))))))))))))))))))))
Baka nano: я счётчик только обнулю
lbvtynjh: NEEEET
lbvtynjh: :c
Baka nano: DAAAA
lbvtynjh: NET
Baka nano: ВЫ
Baka nano: DS
Baka nano: DA
Baka nano: CYKA
lbvtynjh: сакай мой эсс
lbvtynjh: бич
lbvtynjh: https://youtu.be/GP_nuhg6ieo
lbvtynjh: АХХАХАХАХАХА
lbvtynjh: СО ВТОРОГО РАЗА ПОНЯЛ ФИЧУ
lbvtynjh: АХАХХАХАХАХАХА
C3PO: Police DUI raid funny fail - testing passenger instead the real driver (Estonia) - politsei - YouTube
Baka nano: английский учи
Baka nano: в названии всё сказано
lbvtynjh: я не видел названия видео
lbvtynjh: я в пикабу читаю
lbvtynjh: там этот видос
lbvtynjh: он в маленьком формате
lbvtynjh: => название не показано
Baka nano: Sin тут?
Асуна: ?
Baka nano: функция с callback возвращает то, что возвращает callback?
Baka nano: вообще, суть. Мне нужно в callback изменить какой-то внешний объект
Асуна: var obj = {data: 123};

callWithCallback(1, "param 2", function(){
   doWorkInCallback();
   obj.data = 321;
});
Baka nano: мне выдаёт TypeError: объект undefined
Асуна: код
lbvtynjh: Это кто?
Baka nano: чёт сейчас вообще выдаёт  callback is not a function
Baka nano: где-то я что-то сломал
Асуна: код дашь - посмотрю
Baka nano: а блять
Baka nano: забыл его написать
Асуна: :roll:
lbvtynjh: ЯП какой?
Асуна: js
Baka nano: нет. не изменяется внешний объект в callback
Baka nano: он локальный создаёт с таким же именем
Асуна: КОД
Baka nano: 
function getImages (str)
{
	var result = {};
	var images = [];
	var notImages = [];
	if ( str.match(/(https?:\/\/[^\s"']+)/g) )
    {
      var links = str.match(/(https?:\/\/[^\s"']+)/g);
      var links_count = links.length;
      for (var i = 0; i < links_count; i++)
      {
      	var valid = testImage(links[i], function(url, valid) 
      		{ 
      			
      			if (valid) 
      				{
      					images.push(url);
      				}
      			else {
      					notImages.push(url);
      				}
      				return valid;
      		}
      		);
      }
	}
	console.log(images[0]);
	result['images'] = images;
	result['notimages'] = notImages;
	return result;
}
C3PO: С тобой так интересно!
Асуна: код функции testImage
Baka nano: 
function testImage(url, callback, timeout) {
    timeout = timeout || 5000;
    var timedOut = false, timer;
    var img = new Image();
    img.onerror = img.onabort = function() {
        if (!timedOut) {
            clearTimeout(timer);
            callback(url, false);
        }
    };
    img.onload = function() {
        if (!timedOut) {
            clearTimeout(timer);
            callback(url, true);
        }
    };
    img.src = url;
    timer = setTimeout(function() {
        timedOut = true;
        // reset .src to invalid URL so it stops previous
        // loading, but doesn't trigger new load
        img.src = "//!!!!/test.jpg";
        callback(url, false);
    }, timeout); 
}
C3PO: С тобой так интересно!
Асуна: это не будет работать не потому, что объект не изменяется, а потому что когда коллбэк вызывается в самый первый раз, цикл в getImages() уже давным-давно кончился
Асуна: и вообще функция getImages() завершается раньше, чем вызывается коллбэк хотя бы раз
Baka nano: всё понял
Асуна: и подгрузку картинок надо пилить не так
Асуна: по-хорошему нужно делать HEAD запрос на адрес и получать mime-тип
Baka nano: я хотел сделать быстро
Baka nano: в смысле быстроты написания кода, а не быстродействия
Baka nano: сука
Baka nano: эта асихронность
C3PO:  *асинхронность
Baka nano: да похуй
lbvtynjh: Син
lbvtynjh: я взялся писать консольную игрушку на питоне
lbvtynjh: У КОГО МОЗГ ИЗВРАЩЕНЦА
lbvtynjh: у МЕНЯ МОЗГ ИЗВРАЩЕНЦА
lbvtynjh: while True:

    com = str(input(basename+"/"+nick+"/"))

    if com == help:
        print("help - запрос помощи\n/ - переход к следующему дню\n exit - выход из программы управления")
    elif com == exit:
        break
    else: False

C3PO: С тобой так интересно!
lbvtynjh: Почему
lbvtynjh: не работает
lbvtynjh: не выводит помощь при запросе
lbvtynjh: строка ввода работает нормально
lbvtynjh: А
lbvtynjh: Бля
lbvtynjh: я даун
lbvtynjh: всё извиняюсь
lbvtynjh: Кавычки забыл
lbvtynjh: ЭТА СЭКС
lbvtynjh: Я ПРОГРАМИСТ ДЭТКА
Baka nano: http://sinair.ru/i/u4pnIwscoc
Baka nano: одну строку кода в chat.js поменял
Асуна: хах
Асуна: это решение я отбросил сразу же
Assasin: хотите занимательную задачку?
Assasin: как максимально быстро подсчитать количество битов в 8-битном числе, имеющих значение 1?
Assasin: быстро - производительно
Assasin: самый простой - это пройтись по каждому биту в цикле, каждый раз сдвигая число и подсчитывая кол-во единиц
Assasin: а вот производительнее?
endie: хз
Assasin: ну как так
Assasin: можно ведь сделать массив из 256 чисел
Assasin: где каждый элемент содержит количество единичных бит в индексе этого элемента
Assasin: и получится bit_count = bits_map[value]
endie: и ты думаешь так производительнее будет?
Assasin: ну то цикл из побитовых сдвигов и арифметических операций
Assasin: а то всего одна операция чтения по адресу
Assasin: который наверняка в кэше проца будет
endie: map это какая структура?
Assasin: да массив самый обыкновенный
endie: а
Assasin: как bits_map[4] = {0, 1, 1, 2};
Assasin: тоьлко bits_map[256]
C3PO:  *только
endie: понял, понял
endie: ну это если память не жалко
Assasin: да, поэтому этот вариант тоже не очень
Assasin: но он будет наибыстрейшим
endie: согласен
Assasin: есть еще половинный вариант
Assasin: return bits_map16[value & 0xF] + bits_map16[value >> 4];
Assasin: тогда массив всего из 16 элементов нужен
Assasin: а вот есть ли другие способы?
endie: измерить напряжение на регистрах
endie: аппаратный способ)
endie: молчишь, потому что задумался херню я сказал или что-то в этом есть?
Assasin: хз даже)
Assasin: я боюсь, я бы хотел программную реализацию))
Assasin: ибо это еще более менее реально, а вот аппаратную я точно не смогу запилить)
C3PO: С возвращением, YungGhost!
YungGhost: https://pp.userapi.com/c837331/v837331463/2e398/KeqxQVtoQZw.jpg ааа
YungGhost: https://pp.userapi.com/c837331/v837331463/2e39f/VJWW0yAJbnM.jpg ааа опять процыссор 
Assasin: лол)
C3PO: Привет, Baka nano!
Baka nano: Я слышал такой совет, что когда хочешь продать комп по объявлению, включай дурака и делай вид, что совсем не разбираешься в компах
Assasin: типа чтоб меньше спрашивали и больше обманывались?
Baka nano: наверно
Baka nano: чтобы думали, что это они тебя наёбывают, а не ты их
lbvtynjh: лол
lbvtynjh: И что ты за это поулчишь?
Baka nano: спасибо
lbvtynjh: норм
Baka nano: он коллега. попросил помочь
lbvtynjh: норм
Minx: Снова снег! Что происходит с погодой вообще?
Minx: Почти середина весны 
Minx: Я хочу обратно в Китай :с
lbvtynjh: В 2 часа ехал домой, грелся в автобусе на солнышке. В 4 часа шёл домой под снегом.
Assasin: аххах
Assasin: у нас буран был считай)
Assasin: куча снега с 10 м/с ветром)
lbvtynjh: Почему я вспомнил космический корабль Буран?
Minx: Потому что ты идиот?
Minx: Это не весенняя погода, я сваливаю 
lbvtynjh: Ну и вали
Minx: Тебя забыла спросить 
Assasin: так уже лет 5)
Assasin: зима - не зима
Assasin: весна - не всена
lbvtynjh: Пару лет назад помню снег чуть ли не в мае был
Assasin: лето - не лето
Assasin: и осень - не осень
Minx: Хочу снова вечное солнышко и тепло :с
Assasin: такого даже в Китае не бывает
Minx: Знаю
Minx: Поэтому теперь я хочу обратно на Филиппины 
Baka nano: сейчас в магаз ходил
Baka nano: чуть ветром не унесло
Minx: мне в этом повезло
Minx: такая жирная, что никакой ветер не утащит 8)
Baka nano: не гони
Baka nano: ты не жирная
Baka nano: ты дрищь
Minx: ох, не льсти мне
Assasin: а это не лесть...)
Minx: ты тоже
lbvtynjh: Ты жиробас
lbvtynjh: так лучше?
lbvtynjh: щас нахуй подй
Minx: Намного
lbvtynjh: пойду
lbvtynjh: небось
Baka nano: только дрищь это не лесть)
lbvtynjh: ахахха
Baka nano: дрищь суть не есть что-то хорошее
Baka nano: меня года два назад назвали жирным дрищём
Baka nano: вот это вообще обидно быо
Minx: я себе это даже представить не могу 
Baka nano: C3PO, погода Lipetsk
C3PO: Lipetsk — Температура: -1.16 °C, Влажность: 88%, Ветер: 9.37 м/с, ясно
lbvtynjh: Цыпа, привет
C3PO: Привет!
lbvtynjh: C3PO, погода Kolpino
lbvtynjh: Быстра блять
Baka nano: ппц ветер
lbvtynjh: раотай
C3PO: Kolpino — Температура: -0.76 °C, Влажность: 82%, Ветер: 4.12 м/с, пасмурно
Minx: C3PO, погода Санкт-Петербург
C3PO: Какой город?
lbvtynjh: хахахахахах
lbvtynjh: нет там города
lbvtynjh: тебя наебали
Minx: Ась
lbvtynjh: C3PO, погода Saint-Petersburg
C3PO: Novaya Gollandiya — Температура: -1.31 °C, Влажность: 79%, Ветер: 5.42 м/с, ясно
Minx: Мне определенно нужен чс тут
lbvtynjh: ggwp
lbvtynjh: kek +
Baka nano: и температура минусовая
Baka nano: я на прошлой недели обрадовался теплу
Baka nano: на пробежки начал выходить
Minx: C3PO, погода Shenzhen
C3PO: Shenzhen — Температура: 21.4 °C, Влажность: 82%, Ветер: 4.22 м/с, пасмурно
Minx: :с
Baka nano: аж два раза побегал)
lbvtynjh: Энди
lbvtynjh: как мне открыть порты
lbvtynjh: памагалити
Baka nano: открывашкой
lbvtynjh: (
lbvtynjh: го в #endie_help
Baka nano: sudo ports open 80
lbvtynjh: norm
lbvtynjh: windows
lbvtynjh: 7
lbvtynjh: https://pp.userapi.com/c638127/v638127600/2baac/BTxOhMccoGc.jpg
lbvtynjh: не помогло
lbvtynjh: (
lbvtynjh: обидно канеш что на винде нет sudo
Baka nano: http://nastroisam.ru/kak-otkryit-port-v-windows/
C3PO: Как открыть порт в Windows 7 и Windows 8 | Настройка оборудования
lbvtynjh: у меня даже с выключенным брандмауэром порт закрыт
Baka nano: что ты пытаешься сделать
Baka nano: вообще
lbvtynjh: по фану решил запилить сервер миникрафта
lbvtynjh: проверяю порт через 25566
Assasin: на роутере надо порты прокидывать
lbvtynjh: на localhost сервер запускается, но как только ввожу свой ip он ругается на порт
lbvtynjh: прокинуты
Baka nano: ага
Assasin: значит биндится только локалхост
Assasin: а надо биндить 0.0.0.0
lbvtynjh: ??????
Assasin: хотя сервер майнкрафта должен быт доступен везде
lbvtynjh: давай я тебе покидаю скрины из настроек роутера
lbvtynjh: а ты мне поможешь
lbvtynjh: естественно не просто так
lbvtynjh: а за спасибо
lbvtynjh: https://pp.userapi.com/c638127/v638127600/2bab6/d17qD-6bX6Y.jpg
lbvtynjh: вот раздел проброса
lbvtynjh: чо вписать
lbvtynjh: (
Baka nano: и куда ты пробрасываешь?
Baka nano: на роутер?
lbvtynjh: а куда надо и как?
lbvtynjh: я не шарю просто
Baka nano: у сервера какой локальный адрес?
lbvtynjh: Локальный?
Baka nano: да
lbvtynjh: Допустим 192.168.0.5
lbvtynjh: сделаем
Baka nano: вот делай
lbvtynjh: готово
lbvtynjh: и нихера не работает
lbvtynjh: стоп
lbvtynjh: А что вводить в server_ip?
lbvtynjh: в server.properties
Baka nano: это конфиг майнкрафт сервера?
lbvtynjh: da
Baka nano: наверное, внешний
Baka nano: тут уже к сину
Baka nano: или к гуглу
lbvtynjh: Син видимо выпилился
C3PO:  *Сын *выпялился
lbvtynjh: тоже норм
Baka nano: C3PO, где Син?
C3PO: Эй, где вас учили таким плохим словам?
lbvtynjh: C3PO, ты кто?
C3PO: Хакер. Ща тебя хакну!
lbvtynjh: Энди, не устал фразы писать?)
Baka nano: я к боту не прикасался пару месяцев минимум
Baka nano: и я в него фразы не вносил, а загрузил готовую базу
lbvtynjh: /say СИИИИИИИИН ПРИДИ
C3PO: СИИИИИИИИН ПРИДИ
lbvtynjh: откуда спёр?
Baka nano: www
lbvtynjh: www
Baka nano: да
lbvtynjh: https://www.nic.ru/shop/www.ru
C3PO: RU-CENTER - регистрация доменов, домен РФ, хостинг сайтов, аукцион доменов, DNS серверы...
lbvtynjh: ор
lbvtynjh: Продают www.ru
lbvtynjh: RUB USD
Купить сейчас за
8 600 000.00 руб.
lbvtynjh: Зарегистрирован Потребует продления Стоимость продления
18 лет 9 месяцев назадчерез 3 месяца 5 дней 890.00 руб.
C3PO:  *назад через
lbvtynjh: Как призвать Сина?
lbvtynjh: #minecraft
lbvtynjh: #разработка
lbvtynjh: #сервер
lbvtynjh: #шаманство
lbvtynjh: #бубен
lbvtynjh: #настройка
lbvtynjh: РАУНД
lbvtynjh: вот смори
lbvtynjh: когда ничего в ip не ввожу
lbvtynjh: запускается
Baka nano: читай документацию
lbvtynjh: их слишком много
lbvtynjh: и почти везде то что я уже сделал
Baka nano: .
[21:37:46] lbvtynjh: А что вводить в server_ip?
[21:37:53] lbvtynjh: в server.properties
Baka nano: Этого нет в документации?
lbvtynjh: чиоооооо
lbvtynjh: ЧИОООО
lbvtynjh: Я вбил туда 192.168.0.4
Baka nano: вот я открыл документацию
lbvtynjh: Из ipconfig'a
Baka nano: там чётко сказано, что server-ip лучше оставить пустым
lbvtynjh: и подклчаться как?
C3PO:  *подключаться
lbvtynjh: +
lbvtynjh: в таком случае он локалхостом подключает
lbvtynjh: или стоп
Baka nano: я хз. Майнкрафт вообще вещь платная
Baka nano: тебе, наверное, крякнутый клиент нужен
lbvtynjh: там если в конфиге написать online=false он работае
lbvtynjh: скачай tlauncher
lbvtynjh: норм клиент
lbvtynjh: со своей даже системой регистрации
Baka nano: не хочу майнкрафт
Baka nano: хочу в 2005 год
lbvtynjh: норм
Baka nano: Игрануть в Звёздные волки в первый раз
lbvtynjh: мне было 5 лет
Baka nano: офигенное время было
lbvtynjh: лучше помоги настроить
lbvtynjh: =D
Baka nano: вроде как в школе учишься, на самом деле пинаешь
lbvtynjh: надо как то проверить доступность
lbvtynjh: форум лёг
lbvtynjh: мкгл
C3PO: Здравствуй, Создатель!
Assasin: [21:37:46] lbvtynjh: А что вводить в server_ip?

0.0.0.0
Assasin: попробуй это
Assasin: у меня лично он пустой
Assasin: [21:35:16] lbvtynjh: Допустим 192.168.0.5

Это надо делать не "допустим", это надо открывать консоль, вбивать ipconfig и смотреть, какой адрес реально у твоего сервера
Assasin: и именно этот адрес указывать при пробросе портов
endie: в интерфейсе роутера это тоже должно быть
wham_hypersad: summon Endie!
Endie: summoned
wham_hypersad: ЕОО
wham_hypersad: Есть одна ошибка
wham_hypersad: *Setting up X socket directories...
start-stop-daemon: unable to start /usr/sbin/kerneloops (Permission denied)
*speech-dispatcher disabled: edit /etc/default/speech-dispatcher
saned disabled: edit /etc/default/saned
wham_hypersad: почему пермишн денайд если 0777?
Endie: а почему 0777
Endie: а не 777
Endie: попробуй выключить и включить
wham_hypersad: да нихуя
wham_hypersad: я бы не писал
wham_hypersad: ага, и дефолт ведро виснет на экране загрузки
wham_hypersad: значит, у меня есть доступ к терминалу от рута и к фс
wham_hypersad: что я могу сделать?
wham_hypersad: chmod 0755 И 0777 не помогают
Endie: зачем ноль-то
Endie: и как не помогают
Endie: какой ответ?
wham_hypersad: да все та же ошибка, которую написал выше
Endie: ок. я у себяя проверил, с нулём и без нуля эффект один
wham_hypersad: есть вообще разница если я юзну например твой кернелупс у себя?
Endie: ты иксы пытаешься поднять?
wham_hypersad: хубунту имеешь в виду?
Endie: ошибка при старте системы появляется?
wham_hypersad: идет очень быстрый и красивый лог, после чего экран с моргающей ногой (ну бля _ эта штука) и ошибка через пару сек
wham_hypersad: по идее я лог могу чекнуть, но это неточно
wham_hypersad: мда, после рекавери ушел в ребут
wham_hypersad: это сильно конечно щас было
wham_hypersad: надеюсь это не кирпич
wham_hypersad: фух, зашел в рек
wham_hypersad: ради интереса перименовал kerneloops в kerneloops_
wham_hypersad: та же ошибка но уже без кернелупс
wham_hypersad: классно
wham_hypersad: ладно, щас другую рутфс скачаем, попробуем
Endie: ты chmod на каталог делаешь?
Endie: скинь сюда ls -l /usr/sbin/kerneloops
Пельмень: Ух ты какой интеллигентный чат, пожалуй присоединюсь к Вам)
Endie: иди нахуй
Пельмень: тут есть команда /black ?
Endie: нет
Пельмень: Такая команда не существует или вы не вошли в чат
Пельмень: (
Пельмень: zcyj
Пельмень: ясно
Пельмень: придется Вас читать(
Endie: в интернете на ты
Endie: особенно, в анонимных чатах
Пельмень: ну каждый по своему
Пельмень: я бы не сказал, что он анонимный)
Пельмень: чего только стоит яндекс метрика тут установленная 
Пельмень: Тест
Пельмень: пойдет)
wham_hypersad: kerneloops это файл а не каталог если что
Endie: а ну ок
Пельмень: 1
wham_hypersad: лень фоткать чет
wham_hypersad: -rwxr-xr-x                   root                root              18152              2014-04-02 09:10 kerneloops
C3PO: Привет, пел!
Endie: root
wham_hypersad: предлагаешь chown?
Endie: да
wham_hypersad: на всех файлах root/root
wham_hypersad: Ну ща попробуем
Endie: а ну ок
wham_hypersad: )))
Endie: это что за система?
wham_hypersad: хубунта 14.04
пел: wham_hypersad, а что у тебя за проблема?
Endie: а что за кернелупс?
Endie: у меня на лубунте таких нет
C3PO:  *лубянке
wham_hypersad: какой-то файл в пути /usr/sbin/kerneloops
Endie: C3PO, дурачок
C3PO: я те покажу дурака, сам дурак!
wham_hypersad: а как корректно переписать овнера через chown?
wham_hypersad: я в директории с файлом, если что
wham_hypersad: путь не нужен
пел: човн владелец:группа файл
wham_hypersad: какого владельца и группу пикать? как можно их чекнуть?
Endie:  chown [OPTION]... [OWNER][:[GROUP]] FILE.
wham_hypersad: мне то же самое написало
wham_hypersad: какая команда удаляет файл?
пел: rm
пел: https://www.google.ru/search?q=основные+команды+linux
Endie: kerneloops собирает данные о крахах системы и отправляет их разработчикам ядра
C3PO: С возвращением, пел!
lbvtynjh: Ебать вас тут
lbvtynjh: Син, завтра свободен?
пел: 1
wham_hypersad: удалил нахуй /usr/
wham_hypersad: >Waiting for network configuration...
lbvtynjh: Сииииииииииииииииииин
wham_hypersad: Нахуй!
C3PO: Привет, lbvlinux!
lbvlinux: син проснись
lbvlinux: Нам завтра тусить где-то надо
lbvlinux: а ты игноришь
lbvlinux: ;c
C3PO: С возвращением, wham_hypersad!
wham_hypersad: Ну что-же, Линукс-хлопцы
wham_hypersad: Я сделал это
Endie: https://images.duckduckgo.com/iu/?u=https%3A%2F%2Fimg-fotki.yandex.ru%2Fget%2F4004%2F30437085.4b%2F0_cf473_a37f9f0c_orig.png&f=1
lbvlinux: Энди
lbvlinux: как связаться с Сином?
C3PO:  *Сыном
lbvlinux: кроме как в чате
Endie: ща попробую
lbvlinux: Т.к. завтра у меня не будет возможности как-то зайти в чат
lbvlinux: До вечера
lbvlinux: Я пока отойду, скоро вернусь
lbvlinux: отпиши результат
lbvlinux: И я опять тут
C3PO: Привет, Baka nano!
lbvlinux: Как успехи?
Baka nano: в вк он не отвечает
Ксения Дмитриевна: Просто кто-то не хочет видеть мерзость по имени димас, ха-ха
lbvlinux: Поделишься ВК?
Baka nano: нет)
lbvlinux: =D
lbvlinux: Короче, мне надо как-то с ним связаться до завтрашнего дня
lbvlinux: so hard
Ксения Дмитриевна: Моё паучье чутьё подсказывает мне, что он был в сети 29 минут назад
Baka nano: а, да он вышел
Baka nano: когда я писал, он вроде с телефона был
Baka nano: ну я ему смснуть ещё могу
Baka nano: а так, может, он уже спит
lbvlinux: Буду рад.
lbvlinux: Короче, мне надо чтобы он утром владел моим номером телефона и/или ВК
Ксения Дмитриевна: или тобой....
lbvlinux: фу
lbvlinux: ладно, я ушёл
lbvlinux: Энди, в лс ща скину что надо сину переслать
lbvlinux: лол нику с пробелом нельзя в лс писать
C3PO:  *кс
lbvlinux: нашёл сина в вк лол
lbvlinux: слишком просто
Baka nano: DDD
lbvlinux: Игорь?
Baka nano: ты прошёл IQ тест
lbvlinux: so ez
lbvlinux: спокойной
